#
# There is insufficient memory for the Java Runtime Environment to continue.
# Native memory allocation (mmap) failed to map 266338304 bytes. Error detail: G1 virtual space
# Possible reasons:
#   The system is out of physical RAM or swap space
#   This process is running with CompressedOops enabled, and the Java Heap may be blocking the growth of the native heap
# Possible solutions:
#   Reduce memory load on the system
#   Increase physical memory or swap space
#   Check if swap backing store is full
#   Decrease Java heap size (-Xmx/-Xms)
#   Decrease number of Java threads
#   Decrease Java thread stack sizes (-Xss)
#   Set larger code cache with -XX:ReservedCodeCacheSize=
#   JVM is running with Zero Based Compressed Oops mode in which the Java heap is
#     placed in the first 32GB address space. The Java Heap base address is the
#     maximum limit for the native heap growth. Please use -XX:HeapBaseMinAddress
#     to set the Java Heap base and to place the Java Heap above 32GB virtual address.
# This output file may be truncated or incomplete.
#
#  Out of Memory Error (os_windows.cpp:3828), pid=18916, tid=4332
#
# JRE version:  (21.0.4+13) (build )
# Java VM: OpenJDK 64-Bit Server VM (21.0.4+13-b509.17, mixed mode, sharing, tiered, compressed oops, compressed class ptrs, g1 gc, windows-amd64)
# No core dump will be written. Minidumps are not enabled by default on client versions of Windows
#

---------------  S U M M A R Y ------------

Command Line: git4idea.http.GitAskPassApp Username for 'https://github.com': 

Host: Intel(R) Core(TM) i5-10400F CPU @ 2.90GHz, 12 cores, 15G,  Windows 11 , 64 bit Build 22621 (10.0.22621.3958)
Time: Wed Oct 23 15:54:45 2024 Hora de verano romance elapsed time: 0.105308 seconds (0d 0h 0m 0s)

---------------  T H R E A D  ---------------

Current thread (0x000002f4d44df260):  JavaThread "Unknown thread" [_thread_in_vm, id=4332, stack(0x000000fe11500000,0x000000fe11600000) (1024K)]

Stack: [0x000000fe11500000,0x000000fe11600000]
Native frames: (J=compiled Java code, j=interpreted, Vv=VM code, C=native code)
V  [jvm.dll+0x6e36d9]
V  [jvm.dll+0x8c0bd3]
V  [jvm.dll+0x8c312e]
V  [jvm.dll+0x8c3813]
V  [jvm.dll+0x288256]
V  [jvm.dll+0x6dfe65]
V  [jvm.dll+0x6d433a]
V  [jvm.dll+0x36209b]
V  [jvm.dll+0x369c46]
V  [jvm.dll+0x3bbd76]
V  [jvm.dll+0x3bc048]
V  [jvm.dll+0x33485c]
V  [jvm.dll+0x33554b]
V  [jvm.dll+0x888039]
V  [jvm.dll+0x3c8ea8]
V  [jvm.dll+0x8711d8]
V  [jvm.dll+0x45d85e]
V  [jvm.dll+0x45f541]
C  [jli.dll+0x52ab]
C  [ucrtbase.dll+0x29333]
C  [KERNEL32.DLL+0x1257d]
C  [ntdll.dll+0x5af08]


---------------  P R O C E S S  ---------------

Threads class SMR info:
_java_thread_list=0x00007ffe81e72108, length=0, elements={
}

Java Threads: ( => current thread )
Total: 0

Other Threads:
  0x000002f4d45448d0 WorkerThread "GC Thread#0"                     [id=18372, stack(0x000000fe11600000,0x000000fe11700000) (1024K)]
  0x000002f4d4555830 ConcurrentGCThread "G1 Main Marker"            [id=10532, stack(0x000000fe11700000,0x000000fe11800000) (1024K)]
  0x000002f4d4556330 WorkerThread "G1 Conc#0"                       [id=5708, stack(0x000000fe11800000,0x000000fe11900000) (1024K)]

[error occurred during error reporting (printing all threads), id 0xc0000005, EXCEPTION_ACCESS_VIOLATION (0xc0000005) at pc=0x00007ffe81567917]
VM state: not at safepoint (not fully initialized)

VM Mutex/Monitor currently owned by a thread:  ([mutex/lock_event])
[0x00007ffe81ee6a48] Heap_lock - owner thread: 0x000002f4d44df260

Heap address: 0x0000000702400000, size: 4060 MB, Compressed Oops mode: Zero based, Oop shift amount: 3

CDS archive(s) mapped at: [0x0000000000000000-0x0000000000000000-0x0000000000000000), size 0, SharedBaseAddress: 0x0000000800000000, ArchiveRelocationMode: 1.
Narrow klass base: 0x0000000000000000, Narrow klass shift: 0, Narrow klass range: 0x0

GC Precious Log:
 CardTable entry size: 512
 Card Set container configuration: InlinePtr #cards 4 size 8 Array Of Cards #cards 16 size 48 Howl #buckets 8 coarsen threshold 3686 Howl Bitmap #cards 512 size 80 coarsen threshold 460 Card regions per heap region 1 cards per card region 4096

Heap:
 garbage-first heap   total 0K, used 0K [0x0000000702400000, 0x0000000800000000)
  region size 2048K, 0 young (0K), 0 survivors (0K)
 Metaspace       used 0K, committed 0K, reserved 0K
  class space    used 0K, committed 0K, reserved 0K

Heap Regions: E=young(eden), S=young(survivor), O=old, HS=humongous(starts), HC=humongous(continues), CS=collection set, F=free, TAMS=top-at-mark-start, PB=parsable bottom

Card table byte_map: [0x000002f4ea060000,0x000002f4ea850000] _byte_map_base: 0x000002f4e684e000

Marking Bits: (CMBitMap*) 0x000002f4d4544fe0
 Bits: [0x000002f4ea850000, 0x000002f4ee7c0000)

GC Heap History (0 events):
No events

Dll operation events (1 events):
Event: 0.008 Loaded shared library D:\ProgramFiles\JetBrains\JetBrains Rider 2024.2.5\jbr\bin\java.dll

Deoptimization events (0 events):
No events

Classes loaded (0 events):
No events

Classes unloaded (0 events):
No events

Classes redefined (0 events):
No events

Internal exceptions (0 events):
No events

ZGC Phase Switch (0 events):
No events

VM Operations (0 events):
No events

Memory protections (0 events):
No events

Nmethod flushes (0 events):
No events

Events (0 events):
No events


Dynamic libraries:
0x00007ff6a9c10000 - 0x00007ff6a9c1a000 	D:\ProgramFiles\JetBrains\JetBrains Rider 2024.2.5\jbr\bin\java.exe
0x00007ffee86b0000 - 0x00007ffee88c7000 	C:\WINDOWS\SYSTEM32\ntdll.dll
0x00007ffee75c0000 - 0x00007ffee7684000 	C:\WINDOWS\System32\KERNEL32.DLL
0x00007ffee59c0000 - 0x00007ffee5d77000 	C:\WINDOWS\System32\KERNELBASE.dll
0x00007ffee62c0000 - 0x00007ffee63d1000 	C:\WINDOWS\System32\ucrtbase.dll
0x00007ffedf390000 - 0x00007ffedf3ab000 	D:\ProgramFiles\JetBrains\JetBrains Rider 2024.2.5\jbr\bin\VCRUNTIME140.dll
0x00007ffea8690000 - 0x00007ffea86a8000 	D:\ProgramFiles\JetBrains\JetBrains Rider 2024.2.5\jbr\bin\jli.dll
0x00007ffee7970000 - 0x00007ffee7b1f000 	C:\WINDOWS\System32\USER32.dll
0x00007ffee5f90000 - 0x00007ffee5fb6000 	C:\WINDOWS\System32\win32u.dll
0x00007ffed0510000 - 0x00007ffed07a3000 	C:\WINDOWS\WinSxS\amd64_microsoft.windows.common-controls_6595b64144ccf1df_6.0.22621.3672_none_2713b9d173822955\COMCTL32.dll
0x00007ffee7060000 - 0x00007ffee7089000 	C:\WINDOWS\System32\GDI32.dll
0x00007ffee63e0000 - 0x00007ffee6487000 	C:\WINDOWS\System32\msvcrt.dll
0x00007ffee61a0000 - 0x00007ffee62b8000 	C:\WINDOWS\System32\gdi32full.dll
0x00007ffee6100000 - 0x00007ffee619a000 	C:\WINDOWS\System32\msvcp_win.dll
0x00007ffee81e0000 - 0x00007ffee8211000 	C:\WINDOWS\System32\IMM32.DLL
0x00007ffee2250000 - 0x00007ffee225c000 	D:\ProgramFiles\JetBrains\JetBrains Rider 2024.2.5\jbr\bin\vcruntime140_1.dll
0x00007ffea8600000 - 0x00007ffea868d000 	D:\ProgramFiles\JetBrains\JetBrains Rider 2024.2.5\jbr\bin\msvcp140.dll
0x00007ffe81220000 - 0x00007ffe81fd7000 	D:\ProgramFiles\JetBrains\JetBrains Rider 2024.2.5\jbr\bin\server\jvm.dll
0x00007ffee78b0000 - 0x00007ffee7962000 	C:\WINDOWS\System32\ADVAPI32.dll
0x00007ffee7460000 - 0x00007ffee7508000 	C:\WINDOWS\System32\sechost.dll
0x00007ffee5f60000 - 0x00007ffee5f88000 	C:\WINDOWS\System32\bcrypt.dll
0x00007ffee70c0000 - 0x00007ffee71d4000 	C:\WINDOWS\System32\RPCRT4.dll
0x00007ffee6f80000 - 0x00007ffee6ff1000 	C:\WINDOWS\System32\WS2_32.dll
0x00007ffee4830000 - 0x00007ffee487d000 	C:\WINDOWS\SYSTEM32\POWRPROF.dll
0x00007ffeddf40000 - 0x00007ffeddf4a000 	C:\WINDOWS\SYSTEM32\VERSION.dll
0x00007ffedb860000 - 0x00007ffedb894000 	C:\WINDOWS\SYSTEM32\WINMM.dll
0x00007ffee4810000 - 0x00007ffee4823000 	C:\WINDOWS\SYSTEM32\UMPDC.dll
0x00007ffee4a60000 - 0x00007ffee4a78000 	C:\WINDOWS\SYSTEM32\kernel.appcore.dll
0x00007ffedf3f0000 - 0x00007ffedf3fa000 	D:\ProgramFiles\JetBrains\JetBrains Rider 2024.2.5\jbr\bin\jimage.dll
0x00007ffed9190000 - 0x00007ffed93c2000 	C:\WINDOWS\SYSTEM32\DBGHELP.DLL
0x00007ffee8220000 - 0x00007ffee85ae000 	C:\WINDOWS\System32\combase.dll
0x00007ffee7b20000 - 0x00007ffee7bf7000 	C:\WINDOWS\System32\OLEAUT32.dll
0x00007ffec2d10000 - 0x00007ffec2d42000 	C:\WINDOWS\SYSTEM32\dbgcore.DLL
0x00007ffee6080000 - 0x00007ffee60fb000 	C:\WINDOWS\System32\bcryptPrimitives.dll
0x00007ffedf370000 - 0x00007ffedf38f000 	D:\ProgramFiles\JetBrains\JetBrains Rider 2024.2.5\jbr\bin\java.dll

dbghelp: loaded successfully - version: 4.0.5 - missing functions: none
symbol engine: initialized successfully - sym options: 0x614 - pdb path: .;D:\ProgramFiles\JetBrains\JetBrains Rider 2024.2.5\jbr\bin;C:\WINDOWS\SYSTEM32;C:\WINDOWS\WinSxS\amd64_microsoft.windows.common-controls_6595b64144ccf1df_6.0.22621.3672_none_2713b9d173822955;D:\ProgramFiles\JetBrains\JetBrains Rider 2024.2.5\jbr\bin\server

VM Arguments:
java_command: git4idea.http.GitAskPassApp Username for 'https://github.com': 
java_class_path (initial): D:/ProgramFiles/JetBrains/JetBrains Rider 2024.2.5/plugins/vcs-git/lib/git4idea-rt.jar;D:/ProgramFiles/JetBrains/JetBrains Rider 2024.2.5/lib/externalProcess-rt.jar
Launcher Type: SUN_STANDARD

[Global flags]
     intx CICompilerCount                          = 4                                         {product} {ergonomic}
     uint ConcGCThreads                            = 3                                         {product} {ergonomic}
     uint G1ConcRefinementThreads                  = 10                                        {product} {ergonomic}
   size_t G1HeapRegionSize                         = 2097152                                   {product} {ergonomic}
    uintx GCDrainStackTargetSize                   = 64                                        {product} {ergonomic}
   size_t InitialHeapSize                          = 266338304                                 {product} {ergonomic}
   size_t MarkStackSize                            = 4194304                                   {product} {ergonomic}
   size_t MaxHeapSize                              = 4257218560                                {product} {ergonomic}
   size_t MinHeapDeltaBytes                        = 2097152                                   {product} {ergonomic}
   size_t MinHeapSize                              = 8388608                                   {product} {ergonomic}
    uintx NonNMethodCodeHeapSize                   = 5839372                                {pd product} {ergonomic}
    uintx NonProfiledCodeHeapSize                  = 122909434                              {pd product} {ergonomic}
    uintx ProfiledCodeHeapSize                     = 122909434                              {pd product} {ergonomic}
    uintx ReservedCodeCacheSize                    = 251658240                              {pd product} {ergonomic}
     bool SegmentedCodeCache                       = true                                      {product} {ergonomic}
   size_t SoftMaxHeapSize                          = 4257218560                             {manageable} {ergonomic}
     bool UseCompressedOops                        = true                           {product lp64_product} {ergonomic}
     bool UseG1GC                                  = true                                      {product} {ergonomic}
     bool UseLargePagesIndividualAllocation        = false                                  {pd product} {ergonomic}

Logging:
Log output configuration:
 #0: stdout all=warning uptime,level,tags foldmultilines=false
 #1: stderr all=off uptime,level,tags foldmultilines=false

Environment Variables:
PATH=C:\Program Files\Git\mingw64\libexec\git-core;C:\Program Files\Git\mingw64\libexec\git-core;C:\Program Files\Git\mingw64\bin;C:\Program Files\Git\usr\bin;C:\Users\Nacher\bin;D:\ProgramFiles\Eclipse Adoptium\jdk-21.0.4.7-hotspot\bin;C:\Program Files (x86)\Razer Chroma SDK\bin;C:\Program Files\Razer Chroma SDK\bin;C:\Program Files (x86)\Razer\ChromaBroadcast\bin;C:\Program Files\Razer\ChromaBroadcast\bin;C:\Windows\system32;C:\Windows;C:\Windows\System32\Wbem;C:\Windows\System32\WindowsPowerShell\v1.0;C:\Windows\System32\OpenSSH;C:\Program Files (x86)\NVIDIA Corporation\PhysX\Common;C:\Windows\system32\config\systemprofile\AppData\Local\Microsoft\WindowsApps;C:\Users\Nacher\AppData\Local\Microsoft\WindowsApps;C:\Program Files\dotnet;C:\Program Files\NVIDIA Corporation\NVIDIA NvDLISR;C:\WINDOWS\system32;C:\WINDOWS;C:\WINDOWS\System32\Wbem;C:\WINDOWS\System32\WindowsPowerShell\v1.0;C:\WINDOWS\System32\OpenSSH;D:\ProgramFiles\nodejs;C:\Program Files\Git\cmd;D:\ProgramFiles\PowerShell\7;C:\Users\Nacher\AppData\Local\JetBrains\Toolbox\scripts;C:\Users\Nacher\AppData\Local\GitHubDesktop\bin;D:\PC\Programas\Microsoft VS Code\bin;C:\Users\Nacher\AppData\Roaming\npm;C:\Users\Nacher\.dotnet\tools;C:\Program Files (x86)\PostgreSQL\bin;D:\Program Files\SetACL
USERNAME=Nacher
DISPLAY=:0.0
LC_ALL=en_US.UTF-8
TERM=xterm-256color
TMPDIR=C:\WINDOWS\TEMP
OS=Windows_NT
PROCESSOR_IDENTIFIER=Intel64 Family 6 Model 165 Stepping 3, GenuineIntel
TMP=C:\WINDOWS\TEMP
TEMP=C:\WINDOWS\TEMP




Periodic native trim disabled

JNI global refs:
JNI global refs: 0, weak refs: 0

JNI global refs memory usage: 0, weak refs: 0

Process memory usage:
Resident Set Size: 11816K (0% of 16622316K total physical memory with 3827620K free physical memory)

OOME stack traces (most recent first):
Classloader memory used:

---------------  S Y S T E M  ---------------

OS:
 Windows 11 , 64 bit Build 22621 (10.0.22621.3958)
OS uptime: 0 days 16:33 hours
Hyper-V role detected

CPU: total 12 (initial active 12) (6 cores per cpu, 2 threads per core) family 6 model 165 stepping 3 microcode 0xe0, cx8, cmov, fxsr, ht, mmx, 3dnowpref, sse, sse2, sse3, ssse3, sse4.1, sse4.2, popcnt, lzcnt, tsc, tscinvbit, avx, avx2, aes, erms, clmul, bmi1, bmi2, adx, fma, vzeroupper, clflush, clflushopt, hv, rdtscp, f16c
Processor Information for all 12 processors :
  Max Mhz: 2904, Current Mhz: 2904, Mhz Limit: 2904

Memory: 4k page, system-wide physical 16232M (3737M free)
TotalPageFile size 18221M (AvailPageFile size 184M)
current process WorkingSet (physical memory assigned to process): 11M, peak: 11M
current process commit charge ("private bytes"): 64M, peak: 318M

vm_info: OpenJDK 64-Bit Server VM (21.0.4+13-b509.17) for windows-amd64 JRE (21.0.4+13-b509.17), built on 2024-09-04 by "builduser" with MS VC++ 16.10 / 16.11 (VS2019)

END.
